<?xml version="1.0" encoding="utf-8"?><testsuites name="pytest tests"><testsuite name="pytest" errors="0" failures="0" skipped="0" tests="10" time="2.280" timestamp="2026-04-28T17:34:40.758848+00:00" hostname="agent-env-fe1ff625-49f0-4841-a67e-9184cccf9731"><testcase classname="backend.tests.test_bookings.TestHealth" name="test_health" time="0.213" /><testcase classname="backend.tests.test_bookings.TestHealth" name="test_root" time="0.048" /><testcase classname="backend.tests.test_bookings.TestBookings" name="test_create_booking_valid" time="0.323" /><testcase classname="backend.tests.test_bookings.TestBookings" name="test_create_booking_invalid_service_type" time="0.052" /><testcase classname="backend.tests.test_bookings.TestBookings" name="test_create_booking_invalid_email" time="0.052" /><testcase classname="backend.tests.test_bookings.TestBookings" name="test_create_booking_missing_fields" time="0.052" /><testcase classname="backend.tests.test_bookings.TestBookings" name="test_list_bookings_no_objectid" time="0.056" /><testcase classname="backend.tests.test_bookings.TestBookings" name="test_list_bookings_sorted_desc" time="0.057" /><testcase classname="backend.tests.test_bookings.TestBookings" name="test_created_booking_retrievable" time="0.053" /><testcase classname="backend.tests.test_bookings.TestBookings" name="test_all_service_types_accepted" time="1.295" /></testsuite></testsuites>